<?xml version="1.0" encoding="utf-8"?><testsuites><testsuite name="pytest" errors="0" failures="0" skipped="0" tests="12" time="1.834" timestamp="2025-04-28T06:03:29.462567+00:00" hostname="fv-az1049-66"><testcase classname="tests.test_auth" name="test_login_success" time="0.389" /><testcase classname="tests.test_auth" name="test_login_fail" time="0.114" /><testcase classname="tests.test_auth" name="test_register_success" time="0.007" /><testcase classname="tests.test_auth" name="test_register_fail" time="0.003" /><testcase classname="tests.test_user" name="test_me_success" time="0.017" /><testcase classname="tests.test_user" name="test_me_unauthenticated" time="0.003" /><testcase classname="tests.test_user" name="test_get_user_by_id" time="0.010" /><testcase classname="tests.test_user" name="test_user_by_id_failure" time="0.005" /><testcase classname="tests.test_user" name="test_get_notifications_success" time="0.015" /><testcase classname="tests.test_user" name="test_get_notifications_failure" time="0.003" /><testcase classname="tests.test_user" name="test_get_world_events" time="0.014" /><testcase classname="tests.test_user" name="test_get_world_events_failure" time="0.003" /></testsuite></testsuites>