<?xml version="1.0" encoding="utf-8"?><testsuites><testsuite name="pytest" errors="0" failures="0" skipped="0" tests="5" time="2.007" timestamp="2025-04-16T07:44:53.634134+00:00" hostname="fv-az1784-884"><testcase classname="tests.test_auth" name="test_login_success" time="0.582" /><testcase classname="tests.test_auth" name="test_login_fail" time="0.222" /><testcase classname="tests.test_auth" name="test_register_success" time="0.009" /><testcase classname="tests.test_auth" name="test_register_fail" time="0.004" /><testcase classname="tests.test_example" name="test_example" time="0.001" /></testsuite></testsuites>